<?xml version="1.0" encoding="UTF-8"?>
<!-- Generated by org.testng.reporters.JUnitXMLReporter -->
<testsuite ignored="2" hostname="IN-vberad-W1" failures="0" tests="3" name="Regression" time="49.151" errors="0" timestamp="2022-03-17T07:54:04 IST">
  <testcase classname="com.orangehrm.tests.LoginTests" name="validate_loginorangehrm_functionality" time="9.015"/>
  <testcase classname="com.orangehrm.tests.AdminPageTests" name="validate_add_jobTitle" time="13.443"/>
  <testcase classname="com.orangehrm.tests.AdminPageTests" name="validate_job_title_navigation" time="7.017"/>
  <testcase classname="com.orangehrm.tests.HomepageTest" name="test3" time="0.0">
    <ignored/>
  </testcase> <!-- test3 -->
  <testcase classname="com.orangehrm.tests.HomepageTest" name="test2" time="0.0">
    <ignored/>
  </testcase> <!-- test2 -->
</testsuite> <!-- Regression -->
